[2026-06-22 00:03:24] [info] [Application] Initializing Cyber Sentinel X...
[2026-06-22 00:03:24] [warn] [Application] Camera start failed for 'usb:0', using synthetic:0
[2026-06-22 00:03:24] [info] [CameraEngine] Camera online: synthetic:0
[2026-06-22 00:03:24] [info] [PipelineOrchestrator] AISOS neural pipeline online
[2026-06-22 00:03:24] [info] [Application] Cyber Sentinel X initialized successfully
[2026-06-22 00:05:21] [info] [Application] Initializing Cyber Sentinel X...
[2026-06-22 00:05:21] [warn] [Application] Camera start failed for 'usb:0', using synthetic:0
[2026-06-22 00:05:21] [info] [CameraEngine] Camera online: synthetic:0
[2026-06-22 00:05:21] [info] [PipelineOrchestrator] AISOS neural pipeline online
[2026-06-22 00:05:21] [info] [Application] Cyber Sentinel X initialized successfully
[2026-06-22 00:32:09] [info] [Application] Initializing Cyber Sentinel X...
[2026-06-22 00:32:09] [warn] [Application] Camera start failed for 'usb:0', using synthetic:0
[2026-06-22 00:32:09] [info] [CameraEngine] Camera online: synthetic:0
[2026-06-22 00:32:09] [info] [PipelineOrchestrator] AISOS neural pipeline online
[2026-06-22 00:32:09] [info] [Application] Cyber Sentinel X initialized successfully
[2026-06-22 00:34:10] [info] [Application] Initializing Cyber Sentinel X...
[2026-06-22 00:34:10] [warn] [Application] Camera start failed for 'usb:0', using synthetic:0
[2026-06-22 00:34:10] [info] [CameraEngine] Camera online: synthetic:0
[2026-06-22 00:34:10] [info] [PipelineOrchestrator] AISOS neural pipeline online
[2026-06-22 00:34:10] [info] [Application] Cyber Sentinel X initialized successfully
[2026-06-22 00:34:48] [info] [CameraEngine] Camera offline
[2026-06-22 00:34:48] [info] [PipelineOrchestrator] AISOS neural pipeline offline
[2026-06-22 00:37:30] [info] [Application] Initializing Cyber Sentinel X...
[2026-06-22 00:37:30] [warn] [Application] Camera start failed for 'usb:0', using synthetic:0
[2026-06-22 00:37:30] [info] [CameraEngine] Camera online: synthetic:0
[2026-06-22 00:37:30] [info] [PipelineOrchestrator] AISOS neural pipeline online
[2026-06-22 00:37:30] [info] [Application] Cyber Sentinel X initialized successfully
[2026-06-22 00:37:41] [info] [CameraEngine] Camera offline
[2026-06-22 00:37:42] [info] [PipelineOrchestrator] AISOS neural pipeline offline
[2026-06-22 01:20:03] [info] [Application] Initializing Cyber Sentinel X...
[2026-06-22 01:20:06] [info] [CameraEngine] Camera online: usb:0
[2026-06-22 01:20:06] [info] [PipelineOrchestrator] AISOS neural pipeline online
[2026-06-22 01:20:06] [info] [Application] Cyber Sentinel X initialized successfully
[2026-06-22 01:21:31] [info] [Application] Initializing Cyber Sentinel X...
[2026-06-22 01:21:34] [info] [CameraEngine] Camera online: usb:0
[2026-06-22 01:21:34] [info] [PipelineOrchestrator] AISOS neural pipeline online
[2026-06-22 01:21:34] [info] [Application] Cyber Sentinel X initialized successfully
[2026-06-22 01:27:57] [info] [CameraEngine] Camera offline
[2026-06-22 01:27:57] [info] [PipelineOrchestrator] AISOS neural pipeline offline
[2026-06-22 02:02:45] [info] [Application] Initializing Cyber Sentinel X...
[2026-06-22 02:02:46] [info] [CameraEngine] Camera online: usb:0
[2026-06-22 02:02:46] [info] [PipelineOrchestrator] AISOS neural pipeline online
[2026-06-22 02:02:46] [info] [Application] Cyber Sentinel X initialized successfully
[2026-06-22 02:03:47] [info] [Application] Initializing Cyber Sentinel X...
[2026-06-22 02:03:48] [info] [CameraEngine] Camera online: usb:0
[2026-06-22 02:03:48] [info] [PipelineOrchestrator] AISOS neural pipeline online
[2026-06-22 02:03:48] [info] [Application] Cyber Sentinel X initialized successfully
[2026-06-22 02:10:23] [info] [CameraEngine] Camera offline
[2026-06-22 02:10:23] [info] [PipelineOrchestrator] AISOS neural pipeline offline
[2026-06-22 02:12:04] [info] [Application] Initializing Cyber Sentinel X...
[2026-06-22 02:12:05] [info] [CameraEngine] Camera online: usb:0
[2026-06-22 02:12:05] [info] [PipelineOrchestrator] AISOS neural pipeline online
[2026-06-22 02:12:05] [info] [Application] Imported 1 authorized face(s)
[2026-06-22 02:12:05] [info] [Application] Cyber Sentinel X initialized successfully
[2026-06-22 02:21:02] [info] [CameraEngine] Camera offline
[2026-06-22 02:21:02] [info] [PipelineOrchestrator] AISOS neural pipeline offline
[2026-06-22 02:33:10] [info] [Application] Initializing Cyber Sentinel X...
[2026-06-22 02:33:11] [info] [CameraEngine] Camera online: usb:0
[2026-06-22 02:33:11] [info] [PipelineOrchestrator] AISOS neural pipeline online
[2026-06-22 02:33:11] [info] [Application] Cyber Sentinel X initialized successfully
[2026-06-22 02:34:05] [info] [Application] Initializing Cyber Sentinel X...
[2026-06-22 02:34:07] [info] [CameraEngine] Camera online: usb:0
[2026-06-22 02:34:07] [info] [PipelineOrchestrator] AISOS neural pipeline online
[2026-06-22 02:34:07] [info] [Application] Cyber Sentinel X initialized successfully
[2026-06-22 02:35:13] [info] [Application] Initializing Cyber Sentinel X...
[2026-06-22 02:35:15] [info] [CameraEngine] Camera online: usb:0
[2026-06-22 02:35:15] [info] [PipelineOrchestrator] AISOS neural pipeline online
[2026-06-22 02:35:15] [info] [Application] Cyber Sentinel X initialized successfully
[2026-06-22 02:47:04] [info] [Application] Initializing Cyber Sentinel X...
[2026-06-22 02:47:05] [info] [CameraEngine] Camera online: usb:0
[2026-06-22 02:47:05] [info] [PipelineOrchestrator] AISOS neural pipeline online
[2026-06-22 02:47:06] [info] [Application] Cyber Sentinel X initialized successfully
[2026-06-22 11:26:04] [info] [Application] Initializing Cyber Sentinel X...
[2026-06-22 11:26:05] [info] [CameraEngine] Camera online: usb:0
[2026-06-22 11:26:05] [info] [PipelineOrchestrator] AISOS neural pipeline online
[2026-06-22 11:26:05] [info] [Application] Cyber Sentinel X initialized successfully
[2026-06-22 11:26:18] [info] [Application] Initializing Cyber Sentinel X...
[2026-06-22 11:26:19] [info] [CameraEngine] Camera online: usb:0
[2026-06-22 11:26:19] [info] [PipelineOrchestrator] AISOS neural pipeline online
[2026-06-22 11:26:19] [info] [Application] Cyber Sentinel X initialized successfully
