[2026-06-23 00:59:00] [info] [Application] Initializing Cyber Sentinel X...
[2026-06-23 00:59:01] [info] [CameraEngine] Camera online: usb:0
[2026-06-23 00:59:01] [info] [PipelineOrchestrator] AISOS neural pipeline online
[2026-06-23 00:59:01] [info] [Application] Cyber Sentinel X initialized successfully
[2026-06-23 00:59:02] [info] [CameraEngine] Camera offline
[2026-06-23 00:59:02] [info] [PipelineOrchestrator] AISOS neural pipeline offline
[2026-06-23 01:03:05] [info] [Application] Initializing Cyber Sentinel X...
[2026-06-23 01:03:07] [info] [CameraEngine] Camera online: usb:0
[2026-06-23 01:03:07] [info] [PipelineOrchestrator] AISOS neural pipeline online
[2026-06-23 01:03:07] [info] [Application] Cyber Sentinel X initialized successfully
[2026-06-23 01:03:07] [info] [CameraEngine] Camera offline
[2026-06-23 01:03:08] [info] [PipelineOrchestrator] AISOS neural pipeline offline
[2026-06-23 01:07:24] [info] [Application] Initializing Cyber Sentinel X...
[2026-06-23 01:07:26] [info] [CameraEngine] Camera online: usb:0
[2026-06-23 01:07:26] [info] [PipelineOrchestrator] AISOS neural pipeline online
[2026-06-23 01:07:26] [info] [Application] Cyber Sentinel X initialized successfully
[2026-06-23 01:13:44] [info] [CameraEngine] Camera offline
[2026-06-23 01:13:44] [info] [PipelineOrchestrator] AISOS neural pipeline offline
[2026-06-23 01:28:06] [info] [Application] Initializing Cyber Sentinel X...
[2026-06-23 01:28:07] [info] [CameraEngine] Camera online: usb:0
[2026-06-23 01:28:07] [info] [PipelineOrchestrator] AISOS neural pipeline online
[2026-06-23 01:28:08] [info] [Application] Cyber Sentinel X initialized successfully
[2026-06-23 01:30:15] [info] [CameraEngine] Camera offline
[2026-06-23 01:30:15] [info] [PipelineOrchestrator] AISOS neural pipeline offline
